
                 *********************************************
                 *                                           *
                 *             A I M - S p i c e             *
                 *                                           *
                 *         Professional Version 2020.100           *
                 *                                           *
                 *********************************************

	Date: Sat Oct 12 16:59:15 2024
	Circuit File: C:\Users\mathi\Documents\TFE4152-8x8-bit-memory-IC\sim\bitcell.cir
	Analysis: DC Transfer Curves

**************************  Circuit Description  **************************

     1:  
     2:  *include logic_gates_library.cir
     3:  *Logic Gate Library -----------------------------
     4:  
     5:  *include  .\gpdk90nm\gpdk90nm_tt.cir
     6:  .param  s1v_rs_ne=0.000000e+000 s1v_vsat_ne=1.120000e+005 s1v_pldd_surf=6.000000e+019   s1v_uc1_ne=3.700000e-010 s1v_u0_ne=2.000000e-002 s1v_nch_ne=5.200000e+017   s1v_rsc_ne=4.082483e-014 s1v_cgbo_ne=1.482000e-011 s1v_prt_ne=1.000000e+001   s1v_rdc_ne=4.082483e-014 s1v_vth0_ne=1.692662e-001 s1v_k2_ne=0.000000e+000   s1v_cgdo_ne=2.667600e-010 s1v_ckappa_ne=4.605336e+000 s1v_wint_ne=6.000000e-009   s1v_k1_ne=2.825346e-001 s1v_cgsl_ne=1.111500e-010 s1v_nldd_surf=3.000000e+019   s1v_js_ne=3.366667e-006 s1v_hdif_ne=1.400000e-007 s1v_rdsw_ne=3.900000e-006   s1v_jsw_ne=3.366667e-010 s1v_tox_ne=2.330000e-009 s1v_cj_ne=7.983537e-004   s1v_cjsw_ne=4.790122e-011 s1v_ldif_ne=1.000000e-008 s1v_xj_ne=2.500000e-008   s1v_rd_ne=0.000000e+000 s1v_pb_ne=9.918524e-001 s1v_cf_ne=4.594612e-011   s1v_lint_ne=1.500000e-008 s1v_cjswg_ne=1.995884e-011 s1v_rsh_ne=1.000000e+001   s1v_u0_pe=1.200000e-002 s1v_nch_pe=4.000000e+017 s1v_rsc_pe=2.886751e-014   s1v_cgbo_pe=1.392363e-011 s1v_rdc_pe=2.886751e-014 s1v_vth0_pe={-1.359511e-001}   s1v_k2_pe=0.000000e+000 s1v_cgdo_pe=2.506253e-010 s1v_ckappa_pe=1.043477e+001   s1v_wint_pe=5.000000e-009 s1v_k1_pe=2.637520e-001 s1v_cgsl_pe=1.044272e-010   s1v_js_pe=3.350000e-006 s1v_hdif_pe=1.400000e-007 s1v_rdsw_pe=7.800000e-006   s1v_jsw_pe=3.350000e-010 s1v_tox_pe=2.480000e-009 s1v_cj_pe=7.912252e-004   s1v_cjsw_pe=4.747351e-011 s1v_ldif_pe=1.000000e-008 s1v_xj_pe=2.500000e-008   s1v_rd_pe=0.000000e+000 s1v_pb_pe=1.009805e+000 s1v_cf_pe=4.527118e-011   s1v_lint_pe=1.500000e-008 s1v_cjswg_pe=1.978063e-011 s1v_rsh_pe=2.000000e+001   s1v_rs_pe=0.000000e+000 s1v_vsat_pe=1.000000e+005   gleak_scale=1.0   s1v_nat_vth0_ne=0.192662e-001 s1v_nat_k1_ne=2.825346e-002   pvt_mc=0 pu0_mc=0 pltw_mc=0
     7:  
     8:  .subckt nmos1v d g s b param: l=0.1u w=10u simm=1 nrd={s1v_hdif_ne/w} nrs={s1v_hdif_ne/w} as=1p ad=1p ps=1u pd=1u 
     9:  + garea={w*l} maforward={2.5e3*garea*gleak_scale} mareverse={.03*maforward} 
    10:  + varvt=0.004
    11:  + geo_fac={0.7071/sqrt(l*w*simm*1e12)}
    12:  + mm_delvt={varvt*geo_fac*pvt_mc}
    13:  + mm_mu0={1-(0.005*geo_fac*pu0_mc)} 
    14:  + mm_dl={2e-03*geo_fac*l*pltw_mc} 
    15:  + mm_dw={-24e-03*geo_fac*w*pltw_mc}
    16:  + mm_dtox={2e-03*geo_fac*s1v_tox_ne*pltw_mc}
    17:  m1 d g s b gpdk090_nmos1v_x w=w l=l as=as ad=ad ps=ps pd=pd nrd=nrd nrs=nrs 
    18:  .model gpdk090_nmos1v_x nmos
    19:  + level=18
    20:  + lmin=0.0 lmax=1.0 wmin=0.0 
    21:  + wmax=1.0 tnom=25.0 version=3.2 
    22:  + tox={s1v_tox_ne+mm_dtox} toxm={s1v_tox_ne+mm_dtox} xj=s1v_xj_ne 
    23:  + nch=s1v_nch_ne lln=1.0000000 lwn=1.0000000 
    24:  + wln=1.0000000 wwn=-1.0000000 lint=s1v_lint_ne 
    25:  + ll=0.00 lw=0.00 lwl=0.00 
    26:  + wint=s1v_wint_ne wl=0.00 ww=0.00 
    27:  + wwl=0.00 mobmod=1 binunit=2 
    28:  + dwg=0.00 
    29:  + dwb=0.00  
    30:  + rsh=s1v_rsh_ne 
    31:  + vth0={s1v_vth0_ne+mm_delvt} k1=s1v_k1_ne k2=s1v_k2_ne 
    32:  + k3=-2.3000000 dvt0=3.86366 dvt1=1.2 
    33:  + dvt2=5.0299990e-02 dvt0w=0.00 dvt1w=0.00 
    34:  + dvt2w=0.00 nlx=1.2517999e-07 w0={-7.1353000e-09} 
    35:  + k3b=0.5576769 ngate=4.0e20 vsat=s1v_vsat_ne 
    36:  + ua={-6.1879500e-10} ub=1.8806652e-18 uc=1.3823546e-10 
    37:  + rdsw=s1v_rdsw_ne prwb=0.00 prwg=0.00 
    38:  + wr=1.0000000 u0={s1v_u0_ne*mm_mu0} a0=2.3750000 
    39:  + keta={-3.1429991e-02} a1=0.00 a2=0.9900000 
    40:  + ags=0.8900000 b0=0.00 b1=0.00 
    41:  + voff={-9.6776000e-02} nfactor=1.0200000 cit={-8.6656060e-04} 
    42:  + cdsc=4.4460000e-02 cdscb=1.0565110e-02 cdscd=0.00 
    43:  + eta0=7.6580000e-02 etab={-3.4998000e-02} dsub=0.2200000 
    44:  + pclm=1.5488822 pdiblc1=0.00 pdiblc2=2.4648249e-02 
    45:  + pdiblcb=0.00 drout=0.00 pscbe1=9.2648200e08 
    46:  + pscbe2=1.0000000e-20 pvag=0.00 delta=7.5000000e-03 
    47:  + alpha0=0.00 alpha1=0.0177 beta0=6.3203 
    48:  + kt1=-0.13 kt2=-0.042 at=9.0000000e04 
    49:  + ute=-1.7303560 ua1=1.8035814e-09 ub1={-2.1874742e-18} 
    50:  + uc1=s1v_uc1_ne kt1l=0.00 prt=s1v_prt_ne 
    51:  + cj=s1v_cj_ne mj=0.222 pb=s1v_pb_ne 
    52:  + cjsw=s1v_cjsw_ne mjsw=0.01 pbsw=0.1 
    53:  + cjswg=s1v_cjswg_ne mjswg=0.5028 pbswg=0.6859 
    54:  + tpb=1.30e-03 tpbsw=0.0000 tpbswg=2.81e-03 
    55:  + tcj=7.61e-04 tcjsw=1.04e-03 tcjswg=1.63e-03 
    56:  + js=s1v_js_ne jsw=s1v_jsw_ne 
    57:  + xti=3 cgdo=s1v_cgdo_ne cgso=s1v_cgdo_ne 
    58:  + cgbo=s1v_cgbo_ne capmod=2  
    59:  + elm=5 xpart=1 cgsl=s1v_cgsl_ne 
    60:  + cgdl=s1v_cgsl_ne ckappa=s1v_ckappa_ne cf=s1v_cf_ne 
    61:  + clc=1.0000000e-07 cle=0.6000000 dlc=1.89e-08 
    62:  + dwc=1.62e-08 llc=1.53e-16 lwc={-9.0e-16} 
    63:  + wlc=0 wwc=-0.0989 lwlc=0 
    64:  + wwlc=0 acde=0.5 moin=10.5 
    65:  + noff=1.85 voffcv=-0.048 lvoffcv=2.0e-09 
    66:  + ijth=1 
    67:  + noia=1.0e+19 noib=2e+4 noic=1.0e-13 
    68:  + ef=1.0 noimod=2 em=4e+7 
    69:  .ends gpdk090_nmos1v
    70:  
    71:  .subckt pmos1v d g s b param: l=0.1u w=10u simm=1 nrd={s1v_hdif_pe/w} nrs={s1v_hdif_pe/w} as=1p ad=1p ps=1u pd=1u 
    72:  + garea={w*l} maforward={1.6e3*garea*gleak_scale} mareverse={.03*maforward} 
    73:  + varvt=0.003
    74:  + geo_fac={0.7071/sqrt(l*w*simm*1e12)} 
    75:  + mm_delvt={varvt*geo_fac*pvt_mc}
    76:  + mm_mu0={1-(0.005*geo_fac*pu0_mc)}
    77:  + mm_dl={2e-03*geo_fac*l*pltw_mc}
    78:  + mm_dw={-24e-03*geo_fac*w*pltw_mc}
    79:  + mm_dtox={2e-03*geo_fac*s1v_tox_pe*pltw_mc}
    80:  m1 d g s b gpdk090_pmos1v_x w=w l=l as=as ad=ad ps=ps pd=pd nrd=nrd nrs=nrs 
    81:  .model gpdk090_pmos1v_x pmos 
    82:  + level=18
    83:  + lmin=0.0 lmax=1.0 wmin=0.0 
    84:  + wmax=1.0 tnom=25.0 version=3.2 
    85:  + tox={s1v_tox_pe+mm_dtox} toxm={s1v_tox_pe+mm_dtox} xj=s1v_xj_pe 
    86:  + nch=1.7200001e17 lln=1.0000000 lwn=1.0000000 
    87:  + wln=1.0000000 wwn=-1.0000000 lint=s1v_lint_pe 
    88:  + ll=0.00 lw=0.00 lwl=0.00 
    89:  + wint=s1v_wint_pe wl=0.00 ww=0.00 
    90:  + wwl=0.00 mobmod=1 binunit=2 
    91:  + dwg=0.00 
    92:  + dwb=0.00
    93:  + rsh=s1v_rsh_pe
    94:  + vth0={s1v_vth0_pe+mm_delvt} pvth0=0 k1=s1v_k1_pe 
    95:  + k2=s1v_k2_pe k3=-0.5000000 dvt0=8.0 
    96:  + dvt1=2.07 dvt2=0.1000000 dvt0w=0.00 
    97:  + dvt1w=0.00 dvt2w=0.00 nlx=2.2400000e-07 
    98:  + w0=0.00 k3b=7.0000000e-02 ngate=9.3200000e19 
    99:  + vsat=s1v_vsat_pe ua={-2.7643932e-10} ub=2.2546092e-18 
   100:  + uc=1.6265005e-10 rdsw=s1v_rdsw_pe prwb=0.00 
   101:  + prwg=0.00 wr=1.0000000 u0={s1v_u0_pe*mm_mu0} 
   102:  + a0=2.9669099 keta={-8.2015020e-02} a1=0.00 
   103:  + a2=1.0000000 ags=1.2279299 b0=0.00 
   104:  + b1=0.00 voff=-0.1170768 nfactor=1.0000000 
   105:  + cit={-2.5695576e-03} cdsc=0.00 cdscb=0.00 
   106:  + cdscd=0.00 eta0=5.0000000e-02 leta0=0 
   107:  + etab=0 dsub=0.3000000 pclm=1.0000000 
   108:  + pdiblc1=6.0000000e-03 pdiblc2=5.0000000e-03 pdiblcb=-0.5267781 
   109:  + drout=0.00 pscbe1=5.1300000e08 pscbe2=4.8900000e-07 
   110:  + pvag=0.00 delta=9.9999990e-03 alpha0=0.00 
   111:  + alpha1=0.001 beta0=7.6 kt1=-0.11 
   112:  + kt2=4.4329650e-02 at=1.0000000e04 ute=-1.4468272 
   113:  + ua1=1.2158887e-09 ub1={-4.0489830e-18} uc1={-5.6549980e-10} 
   114:  + kt1l=0.00 prt=0 cj=s1v_cj_pe 
   115:  + mj=0.331 pb=s1v_pb_pe cjsw=s1v_cjsw_pe 
   116:  + mjsw=0.01 pbsw=0.10 cjswg=s1v_cjswg_pe 
   117:  + mjswg=0.7833 pbswg=0.8137 tpb=0.00173 
   118:  + tpbsw=0.0 tpbswg=0.0044 tcj=0.000949 
   119:  + tcjsw=0.0000758 tcjswg=0.00388 js=s1v_js_pe 
   120:  + jsw=s1v_jsw_pe xti=3 
   121:  + cgdo=s1v_cgdo_pe cgso=s1v_cgdo_pe cgbo=s1v_cgbo_pe 
   122:  + capmod=2 elm=5 
   123:  + xpart=1 cgsl=s1v_cgsl_pe cgdl=s1v_cgsl_pe 
   124:  + ckappa=s1v_ckappa_pe cf=s1v_cf_pe clc=1.0000000e-07 
   125:  + cle=0.6000000 dlc=2.252e-08 dwc=1.2404e-08 
   126:  + llc={-1.2e-16} lwc={-6.2e-16} wlc=0 
   127:  + wwc=-0.15 lwlc=0 wwlc=0 
   128:  + acde=0.5 moin=15.6 noff=2.16 
   129:  + voffcv=-0.0385 lvoffcv={-3.80e-09} lnoff=7.50e-08 
   130:  + ijth=1 
   131:  + noia=1.0e+19 noib=2.0e+3 noic=1.0e-11 
   132:  + ef=1.1 noimod=2 em=1.0e+8 
   133:  .ends
   134:  *end of:  .\gpdk90nm\gpdk90nm_tt.cir
   135:  
   136:  *NOT gate ---------------------------------------
   137:  
   138:  .subckt 1inNOT in1 out1 Vdd Vss
   139:  xmp1 Vdd in1 out1 Vss pmos1v L=L1 W=W1
   140:  xmn1 out1 in1 Vss Vss nmos1v L=L1 W=W1
   141:  .ends
   142:  
   143:  
   144:  *NAND gates -------------------------------------
   145:  
   146:  .subckt 2inNAND in1 in2 out1 Vdd Vss
   147:  xmp1 Vdd in1 out1 Vss pmos1v L=L1 W=W1
   148:  xmp2 Vdd in2 out1 Vss pmos1v L=L1 W=W1
   149:  
   150:  xmn1 out1 in1 dn2 Vss nmos1v L=L1 W=W1
   151:  xmn2 dn2 in2 Vss Vss nmos1v L=L1 W=W1
   152:  .ends
   153:  
   154:  .subckt 3inNAND in1 in2 in3 out1 Vdd Vss
   155:  xmp1 Vdd in1 out1 Vss pmos1v L=L1 W=W1
   156:  xmp2 Vdd in2 out1 Vss pmos1v L=L1 W=W1
   157:  xmp3 Vdd in3 out1 Vss pmos1v L=L1 W=W1
   158:  
   159:  xmn1 out1 in1 dn2 Vss nmos1v L=L1 W=W1
   160:  xmn2 dn2 in2 dn3 Vss nmos1v L=L1 W=W1
   161:  xmn3 dn3 in3 Vss Vss nmos1v L=L1 W=W1
   162:  .ends
   163:  
   164:  
   165:  *AND gates --------------------------------------
   166:  
   167:  .subckt 2inAND in1 in2 out1 Vdd Vss
   168:  xNAND1 in1 in2 temp Vdd Vss 2inNAND
   169:  xNOT1 temp out1 Vdd Vss 1inNOT
   170:  .ends
   171:  
   172:  .subckt 3inAND in1 in2 in3 out1 Vdd Vss
   173:  xNAND1 in1 in2 in3 temp Vdd Vss 3inNAND
   174:  xNOT1 temp out1 Vdd Vss 1inNOT
   175:  .ends
   176:  
   177:  *Test -------------------------------------------
   178:  
   179:  *end of: logic_gates_library.cir
   180:  
   181:  .param Vdd=0.3V
   182:  
   183:  .param L1=1u
   184:  .param W1=10u
   185:  
   186:  V1 1 0 dc Vdd
   187:  Vin in 0 dc 0 
   188:  
   189:  xAND1 in 1 Y 1 0 2inAND
   190:  
   191:  .dc Vin 0 Vdd 0.01
   192:  .plot v(Y)

***************************  Model Parameters  ****************************


***************  Device Parameters (Only for .op analysis)  ***************



**************************  Analysis Parameters  **************************

	Source name #1 .. : Vin
	Start value #1 .. : 0
	End value #1 .... : Vdd
	Increment value #1: 0.01



**************  Options (Only those different from default)  **************



*************************  Simulation Statistics  *************************

	Total number of iterations...........: 88
	Total analysis time (sec)............: 0.011
	Time spent in device loading (sec)...: 0.002
	Time spent in L-U decomposition (sec): 0
	Time spent in matrix reordering (sec): 0
	Time spent in matrix solving (sec)...: 0

***************************  Kernel Messages  *****************************

Circuit: 

Warning: premature EOF
BSIM3 v3.3.0 Parameter Checking.
Model = and1:not1:mn1:gpdk090_nmos1v_x
Warning: Pd = 1e-06 is less than W.
Warning: Ps = 1e-06 is less than W.
BSIM3 v3.3.0 Parameter Checking.
Model = and1:not1:mp1:gpdk090_pmos1v_x
Warning: Pd = 1e-06 is less than W.
Warning: Ps = 1e-06 is less than W.
BSIM3 v3.3.0 Parameter Checking.
Model = and1:nand1:mn2:gpdk090_nmos1v_x
Warning: Pd = 1e-06 is less than W.
Warning: Ps = 1e-06 is less than W.
BSIM3 v3.3.0 Parameter Checking.
Model = and1:nand1:mn1:gpdk090_nmos1v_x
Warning: Pd = 1e-06 is less than W.
Warning: Ps = 1e-06 is less than W.
BSIM3 v3.3.0 Parameter Checking.
Model = and1:nand1:mp2:gpdk090_pmos1v_x
Warning: Pd = 1e-06 is less than W.
Warning: Ps = 1e-06 is less than W.
BSIM3 v3.3.0 Parameter Checking.
Model = and1:nand1:mp1:gpdk090_pmos1v_x
Warning: Pd = 1e-06 is less than W.
Warning: Ps = 1e-06 is less than W.
Warning: Node 1 has less than two connections
Warning: Node in has less than two connections
BSIM3 v3.3.0 Parameter Checking.
Model = and1:not1:mn1:gpdk090_nmos1v_x
Warning: Pd = 1e-06 is less than W.
Warning: Ps = 1e-06 is less than W.
BSIM3 v3.3.0 Parameter Checking.
Model = and1:not1:mp1:gpdk090_pmos1v_x
Warning: Pd = 1e-06 is less than W.
Warning: Ps = 1e-06 is less than W.
BSIM3 v3.3.0 Parameter Checking.
Model = and1:nand1:mn2:gpdk090_nmos1v_x
Warning: Pd = 1e-06 is less than W.
Warning: Ps = 1e-06 is less than W.
BSIM3 v3.3.0 Parameter Checking.
Model = and1:nand1:mn1:gpdk090_nmos1v_x
Warning: Pd = 1e-06 is less than W.
Warning: Ps = 1e-06 is less than W.
BSIM3 v3.3.0 Parameter Checking.
Model = and1:nand1:mp2:gpdk090_pmos1v_x
Warning: Pd = 1e-06 is less than W.
Warning: Ps = 1e-06 is less than W.
BSIM3 v3.3.0 Parameter Checking.
Model = and1:nand1:mp1:gpdk090_pmos1v_x
Warning: Pd = 1e-06 is less than W.
Warning: Ps = 1e-06 is less than W.

